#
# A fatal error has been detected by the Java Runtime Environment:
#
#  SIGSEGV (0xb) at pc=0x000000010a232d1e, pid=33381, tid=18951
#
# JRE version: Java(TM) SE Runtime Environment (8.0_45-b14) (build 1.8.0_45-b14)
# Java VM: Java HotSpot(TM) 64-Bit Server VM (25.45-b02 mixed mode bsd-amd64 compressed oops)
# Problematic frame:
# V  [libjvm.dylib+0x432d1e]  Method::checked_resolve_jmethod_id(_jmethodID*)+0x1c
#
# Failed to write core dump. Core dumps have been disabled. To enable core dumping, try "ulimit -c unlimited" before starting Java again
#
# If you would like to submit a bug report, please visit:
#   http://bugreport.java.com/bugreport/crash.jsp
#

---------------  T H R E A D  ---------------

Current thread (0x00007f888b055800):  JavaThread "JDWP Transport Listener: dt_socket" daemon [_thread_in_vm, id=18951, stack(0x0000700010cbf000,0x0000700010dbf000)]

siginfo: si_signo: 11 (SIGSEGV), si_code: 0 (unknown), si_addr: 0x0000000000000000

Registers:
RAX=0x0000000000000001, RBX=0x56415741e5894855, RCX=0x000000010a5fa190, RDX=0x0000700010dbea8b
RSP=0x0000700010dbe9d0, RBP=0x0000700010dbe9e0, RSI=0x00007f888b055800, RDI=0x00000001082558b9
R8 =0x0000000000000000, R9 =0x00007f888ad60610, R10=0x000007f888ad607f, R11=0x0000000000000001
R12=0x00007f888b055800, R13=0x00000001082558b9, R14=0x00000001082558b9, R15=0x00007f888ae03a60
RIP=0x000000010a232d1e, EFLAGS=0x0000000000010216, ERR=0x0000000000000000
  TRAPNO=0x000000000000000d

Top of Stack: (sp=0x0000700010dbe9d0)
0x0000700010dbe9d0:   0000700010dbea8b 0000700010dbea8b
0x0000700010dbe9e0:   0000700010dbea40 000000010a1430d6
0x0000700010dbe9f0:   00007f888b055800 0000000000000000
0x0000700010dbea00:   0000000000000000 0000000000000000
0x0000700010dbea10:   00007f888b055800 00007f888b055800
0x0000700010dbea20:   0000700010dbea8b 0000700010dbea90
0x0000700010dbea30:   00000001082558b9 0000000000000005
0x0000700010dbea40:   0000700010dbea60 000000010825c780
0x0000700010dbea50:   0000000000000001 0000700010dbeb08
0x0000700010dbea60:   0000700010dbead0 00000001082411f3
0x0000700010dbea70:   0000700010dbeaa0 00007f888ad34c60
0x0000700010dbea80:   0000000600000032 0000000100dbeb08
0x0000700010dbea90:   0000000000000000 0000000000000000
0x0000700010dbeaa0:   0000000000000000 0000700010dbec90
0x0000700010dbeab0:   0000000108263e7a 00007f888ad57aa0
0x0000700010dbeac0:   0000700010dbeb08 000000010826f598
0x0000700010dbead0:   0000700010dbeae0 00000001082412ec
0x0000700010dbeae0:   0000700010dbed00 000000010824a898
0x0000700010dbeaf0:   0000421a00000013 00000000000f0200
0x0000700010dbeb00:   00007f888ad61990 0000700010dbec7c
0x0000700010dbeb10:   0000000000000008 0000700010dbeb20
0x0000700010dbeb20:   0000040000000124 0000700010dbeb58
0x0000700010dbeb30:   0000000000000000 00007f0000000000
0x0000700010dbeb40:   0000421a0000000f 00007f8800005880
0x0000700010dbeb50:   0000700010dbeb58 887f000006000000
0x0000700010dbeb60:   20000000f856208c 697274536e656877
0x0000700010dbeb70:   655265766148676e 6843646574616570
0x0000700010dbeb80:   7372657463617261 0056292803000000
0x0000700010dbeb90:   0011000000000000 00e856208c887f00
0x0000700010dbeba0:   72655073690f0000 6e6f69746174756d
0x0000700010dbebb0:   4c2827000000664f 6e616c2f6176616a
0x0000700010dbebc0:   676e697274532f67 6c2f6176616a4c3b 

Instructions: (pc=0x000000010a232d1e)
0x000000010a232cfe:   31 c0 5d c3 55 48 89 e5 53 48 83 ec 08 48 85 ff
0x000000010a232d0e:   74 24 48 8b 1f 48 85 db 74 1c 48 83 fb 37 74 16
0x000000010a232d1e:   48 8b 03 48 89 df ff 50 10 84 c0 b8 00 00 00 00
0x000000010a232d2e:   48 0f 45 c3 eb 02 31 c0 48 83 c4 08 5b 5d c3 90 

Register to memory mapping:

RAX=0x0000000000000001 is an unknown value
RBX=0x56415741e5894855 is an unknown value
RCX=0x000000010a5fa190: UseMembar+0 in /Library/Java/JavaVirtualMachines/jdk1.8.0_45.jdk/Contents/Home/jre/lib/server/libjvm.dylib at 0x0000000109e00000
RDX=0x0000700010dbea8b is pointing into the stack for thread: 0x00007f888b055800
RSP=0x0000700010dbe9d0 is pointing into the stack for thread: 0x00007f888b055800
RBP=0x0000700010dbe9e0 is pointing into the stack for thread: 0x00007f888b055800
RSI=0x00007f888b055800 is a thread
RDI=0x00000001082558b9: handleClassPrepare+0 in /Library/Java/JavaVirtualMachines/jdk1.8.0_45.jdk/Contents/Home/jre/lib/libjdwp.dylib at 0x000000010823c000
R8 =0x0000000000000000 is an unknown value
R9 =0x00007f888ad60610 is an unknown value
R10=0x000007f888ad607f is an unknown value
R11=0x0000000000000001 is an unknown value
R12=0x00007f888b055800 is a thread
R13=0x00000001082558b9: handleClassPrepare+0 in /Library/Java/JavaVirtualMachines/jdk1.8.0_45.jdk/Contents/Home/jre/lib/libjdwp.dylib at 0x000000010823c000
R14=0x00000001082558b9: handleClassPrepare+0 in /Library/Java/JavaVirtualMachines/jdk1.8.0_45.jdk/Contents/Home/jre/lib/libjdwp.dylib at 0x000000010823c000
R15=0x00007f888ae03a60 is an unknown value


Stack: [0x0000700010cbf000,0x0000700010dbf000],  sp=0x0000700010dbe9d0,  free space=1022k
Native frames: (J=compiled Java code, j=interpreted, Vv=VM code, C=native code)
V  [libjvm.dylib+0x432d1e]  Method::checked_resolve_jmethod_id(_jmethodID*)+0x1c
V  [libjvm.dylib+0x3430d6]  jvmti_IsMethodSynthetic+0xb2
C  [libjdwp.dylib+0x20780]  isMethodSynthetic+0x63
C  [libjdwp.dylib+0x51f3]  methods1+0x10b
C  [libjdwp.dylib+0x52ec]  methodsWithGeneric+0xe
C  [libjdwp.dylib+0xe898]  debugLoop_run+0x1ce
C  [libjdwp.dylib+0x1f6ba]  attachThread+0x4d
V  [libjvm.dylib+0x38401c]  JvmtiAgentThread::call_start_function()+0x38
V  [libjvm.dylib+0x549acf]  JavaThread::thread_main_inner()+0x9b
V  [libjvm.dylib+0x54b1c0]  JavaThread::run()+0x1c2
V  [libjvm.dylib+0x46ea7e]  java_start(Thread*)+0xf6
C  [libsystem_pthread.dylib+0x36c1]  _pthread_body+0x154
C  [libsystem_pthread.dylib+0x356d]  _pthread_body+0x0
C  [libsystem_pthread.dylib+0x2c5d]  thread_start+0xd
C  0x0000000000000000


---------------  P R O C E S S  ---------------

Java Threads: ( => current thread )
  0x00007f888f03b800 JavaThread "Service Thread" daemon [_thread_blocked, id=22531, stack(0x00007000113d4000,0x00007000114d4000)]
  0x00007f888b05e800 JavaThread "C1 CompilerThread3" daemon [_thread_blocked, id=22019, stack(0x00007000112d1000,0x00007000113d1000)]
  0x00007f888f000000 JavaThread "C2 CompilerThread2" daemon [_thread_blocked, id=21507, stack(0x00007000111ce000,0x00007000112ce000)]
  0x00007f888b858800 JavaThread "C2 CompilerThread1" daemon [_thread_blocked, id=20995, stack(0x00007000110cb000,0x00007000111cb000)]
  0x00007f888b857800 JavaThread "C2 CompilerThread0" daemon [_thread_blocked, id=20483, stack(0x0000700010fc8000,0x00007000110c8000)]
  0x00007f888c816000 JavaThread "JDWP Command Reader" daemon [_thread_in_native, id=19971, stack(0x0000700010ec5000,0x0000700010fc5000)]
  0x00007f888b06d000 JavaThread "JDWP Event Helper Thread" daemon [_thread_blocked, id=19459, stack(0x0000700010dc2000,0x0000700010ec2000)]
=>0x00007f888b055800 JavaThread "JDWP Transport Listener: dt_socket" daemon [_thread_in_vm, id=18951, stack(0x0000700010cbf000,0x0000700010dbf000)]
  0x00007f888b840800 JavaThread "Signal Dispatcher" daemon [_thread_blocked, id=18443, stack(0x0000700010bbc000,0x0000700010cbc000)]
  0x00007f888b04f800 JavaThread "Finalizer" daemon [_thread_blocked, id=15107, stack(0x0000700010ab9000,0x0000700010bb9000)]
  0x00007f888b04e800 JavaThread "Reference Handler" daemon [_thread_blocked, id=14595, stack(0x00007000109b6000,0x0000700010ab6000)]
  0x00007f888b803000 JavaThread "main" [_thread_blocked, id=6915, stack(0x000070000ff98000,0x0000700010098000)]

Other Threads:
  0x00007f888b84d800 VMThread [stack: 0x00007000108b3000,0x00007000109b3000] [id=14083]
  0x00007f888f03c000 WatcherThread [stack: 0x00007000114d7000,0x00007000115d7000] [id=23043]

VM state:not at safepoint (normal execution)

VM Mutex/Monitor currently owned by a thread: None

Heap:
 PSYoungGen      total 76288K, used 19684K [0x000000076ab00000, 0x0000000770000000, 0x00000007c0000000)
  eden space 65536K, 30% used [0x000000076ab00000,0x000000076be390d8,0x000000076eb00000)
  from space 10752K, 0% used [0x000000076f580000,0x000000076f580000,0x0000000770000000)
  to   space 10752K, 0% used [0x000000076eb00000,0x000000076eb00000,0x000000076f580000)
 ParOldGen       total 175104K, used 0K [0x00000006c0000000, 0x00000006cab00000, 0x000000076ab00000)
  object space 175104K, 0% used [0x00000006c0000000,0x00000006c0000000,0x00000006cab00000)
 Metaspace       used 6992K, capacity 7632K, committed 7808K, reserved 1056768K
  class space    used 886K, capacity 1050K, committed 1152K, reserved 1048576K

Card table byte_map: [0x0000000119d69000,0x000000011a56a000] byte_map_base: 0x0000000116769000

Marking Bits: (ParMarkBitMap*) 0x000000010a6c27a0
 Begin Bits: [0x000000011aac0000, 0x000000011eac0000)
 End Bits:   [0x000000011eac0000, 0x0000000122ac0000)

Polling page: 0x000000010823b000

CodeCache: size=245760Kb used=3009Kb max_used=3022Kb free=242750Kb
 bounds [0x000000010ad69000, 0x000000010b069000, 0x0000000119d69000]
 total_blobs=1072 nmethods=799 adapters=195
 compilation: enabled

Compilation events (10 events):
Event: 0.464 Thread 0x00007f888b05e800 nmethod 795 0x000000010b056ed0 code [0x000000010b057040, 0x000000010b0571f0]
Event: 0.464 Thread 0x00007f888b05e800  796       3       java.lang.invoke.MethodHandleNatives::refKindHasReceiver (33 bytes)
Event: 0.464 Thread 0x00007f888b05e800 nmethod 796 0x000000010b057290 code [0x000000010b057400, 0x000000010b0575b0]
Event: 0.466 Thread 0x00007f888b05e800  797       3       java.lang.StringBuffer::<init> (6 bytes)
Event: 0.466 Thread 0x00007f888b05e800 nmethod 797 0x000000010b057610 code [0x000000010b057780, 0x000000010b057a30]
Event: 0.466 Thread 0x00007f888f000000  798 %     4       java.io.UnixFileSystem::normalize @ 10 (75 bytes)
Event: 0.466 Thread 0x00007f888b857800  799       4       java.lang.StringBuilder::<init> (7 bytes)
Event: 0.467 Thread 0x00007f888b857800 nmethod 799 0x000000010b05a850 code [0x000000010b05a9a0, 0x000000010b05aa98]
Event: 0.470 Thread 0x00007f888b858800 nmethod 772 0x000000010b05d310 code [0x000000010b05d520, 0x000000010b05e588]
Event: 0.470 Thread 0x00007f888f000000 nmethod 798% 0x000000010b058390 code [0x000000010b058520, 0x000000010b0589c8]

GC Heap History (0 events):
No events

Deoptimization events (1 events):
Event: 0.332 Thread 0x00007f888b803000 Uncommon trap: reason=unstable_if action=reinterpret pc=0x000000010af223f4 method=java.lang.String.replace(CC)Ljava/lang/String; @ 26

Internal exceptions (10 events):
Event: 0.224 Thread 0x00007f888b803000 Exception <a 'java/lang/NoSuchFieldError': method resolution failed> (0x000000076b1f25b0) thrown at [/Users/java_re/workspace/8-2-build-macosx-x86_64/jdk8u45/3457/hotspot/src/share/vm/prims/methodHandles.cpp, line 1125]
Event: 0.279 Thread 0x00007f888b803000 Exception <a 'java/lang/NoSuchMethodError': java.lang.Object.lambda$or$12(Ljava/util/function/Predicate;Ljava/lang/Object;)Z> (0x000000076b4420b8) thrown at [/Users/java_re/workspace/8-2-build-macosx-x86_64/jdk8u45/3457/hotspot/src/share/vm/interpreter/li
Event: 0.320 Thread 0x00007f888b803000 Exception <a 'java/lang/IncompatibleClassChangeError': Found class java.lang.Object, but interface was expected> (0x000000076b5f09a8) thrown at [/Users/java_re/workspace/8-2-build-macosx-x86_64/jdk8u45/3457/hotspot/src/share/vm/interpreter/linkResolver.cp
Event: 0.366 Thread 0x00007f888b803000 Exception <a 'java/lang/IncompatibleClassChangeError': Found class java.lang.Object, but interface was expected> (0x000000076b7e3c78) thrown at [/Users/java_re/workspace/8-2-build-macosx-x86_64/jdk8u45/3457/hotspot/src/share/vm/interpreter/linkResolver.cp
Event: 0.367 Thread 0x00007f888b803000 Exception <a 'java/lang/NoSuchMethodError': java.lang.Object.lambda$accept$0(Lorg/junit/platform/engine/TestDescriptor$Visitor;Lorg/junit/platform/engine/TestDescriptor;)V> (0x000000076b7edfc0) thrown at [/Users/java_re/workspace/8-2-build-macosx-x86_64/j
Event: 0.368 Thread 0x00007f888b803000 Exception <a 'java/lang/NoSuchMethodError': java.lang.Object.containsTests(Lorg/junit/platform/engine/TestDescriptor;)Z> (0x000000076b7fa398) thrown at [/Users/java_re/workspace/8-2-build-macosx-x86_64/jdk8u45/3457/hotspot/src/share/vm/interpreter/linkRes
Event: 0.381 Thread 0x00007f888b803000 Exception <a 'java/lang/NoSuchMethodError': java.lang.Object.lambda$adaptFilter$0(Lorg/junit/platform/engine/Filter;Ljava/util/function/Function;Ljava/lang/Object;)Lorg/junit/platform/engine/FilterResult;> (0x000000076b912118) thrown at [/Users/java_re/wo
Event: 0.382 Thread 0x00007f888b803000 Exception <a 'java/lang/NoSuchMethodError': java.lang.Object.lambda$toPredicate$1(Ljava/lang/Object;)Z> (0x000000076b927db0) thrown at [/Users/java_re/workspace/8-2-build-macosx-x86_64/jdk8u45/3457/hotspot/src/share/vm/interpreter/linkResolver.cpp, line 5
Event: 0.383 Thread 0x00007f888b803000 Exception <a 'java/lang/NoSuchMethodError': java.lang.Object.lambda$and$10(Ljava/util/function/Predicate;Ljava/lang/Object;)Z> (0x000000076b92ab10) thrown at [/Users/java_re/workspace/8-2-build-macosx-x86_64/jdk8u45/3457/hotspot/src/share/vm/interpreter/l
Event: 0.448 Thread 0x00007f888b803000 Exception <a 'java/lang/NoSuchMethodError': java.lang.Object.lambda$andThen$6(Ljava/util/function/Function;Ljava/lang/Object;)Ljava/lang/Object;> (0x000000076bd1afb8) thrown at [/Users/java_re/workspace/8-2-build-macosx-x86_64/jdk8u45/3457/hotspot/src/sha

Events (10 events):
Event: 266.558 Executing VM operation: ChangeBreakpoints
Event: 266.558 Executing VM operation: ChangeBreakpoints done
Event: 266.600 Executing VM operation: ChangeBreakpoints
Event: 266.600 Executing VM operation: ChangeBreakpoints done
Event: 359.861 Executing VM operation: ChangeBreakpoints
Event: 359.861 Executing VM operation: ChangeBreakpoints done
Event: 359.864 Executing VM operation: RedefineClasses
Event: 359.867 Executing VM operation: RedefineClasses done
Event: 359.868 Executing VM operation: GetOrSetLocal
Event: 359.868 Executing VM operation: GetOrSetLocal done


Dynamic libraries:
0x0000000019907000 	/System/Library/Frameworks/Cocoa.framework/Versions/A/Cocoa
0x0000000019907000 	/System/Library/Frameworks/Security.framework/Versions/A/Security
0x0000000019907000 	/System/Library/Frameworks/ApplicationServices.framework/Versions/A/ApplicationServices
0x0000000019907000 	/usr/lib/libz.1.dylib
0x0000000019907000 	/usr/lib/libSystem.B.dylib
0x0000000019907000 	/usr/lib/libobjc.A.dylib
0x0000000019907000 	/System/Library/Frameworks/CoreFoundation.framework/Versions/A/CoreFoundation
0x0000000019907000 	/System/Library/Frameworks/Foundation.framework/Versions/C/Foundation
0x0000000019907000 	/System/Library/Frameworks/AppKit.framework/Versions/C/AppKit
0x0000000019907000 	/System/Library/Frameworks/CoreData.framework/Versions/A/CoreData
0x0000000019907000 	/System/Library/PrivateFrameworks/RemoteViewServices.framework/Versions/A/RemoteViewServices
0x0000000019907000 	/System/Library/PrivateFrameworks/UIFoundation.framework/Versions/A/UIFoundation
0x0000000019907000 	/System/Library/PrivateFrameworks/DFRFoundation.framework/Versions/A/DFRFoundation
0x0000000019907000 	/System/Library/Frameworks/Metal.framework/Versions/A/Metal
0x0000000019907000 	/System/Library/PrivateFrameworks/DesktopServicesPriv.framework/Versions/A/DesktopServicesPriv
0x0000000019907000 	/usr/lib/libenergytrace.dylib
0x0000000019907000 	/System/Library/PrivateFrameworks/SkyLight.framework/Versions/A/SkyLight
0x0000000019907000 	/System/Library/Frameworks/CoreGraphics.framework/Versions/A/CoreGraphics
0x0000000019907000 	/usr/lib/libScreenReader.dylib
0x0000000019907000 	/System/Library/Frameworks/Accelerate.framework/Versions/A/Accelerate
0x0000000019907000 	/System/Library/Frameworks/IOSurface.framework/Versions/A/IOSurface
0x0000000019907000 	/System/Library/Frameworks/AudioToolbox.framework/Versions/A/AudioToolbox
0x0000000019907000 	/System/Library/Frameworks/AudioUnit.framework/Versions/A/AudioUnit
0x0000000019907000 	/System/Library/PrivateFrameworks/DataDetectorsCore.framework/Versions/A/DataDetectorsCore
0x0000000019907000 	/System/Library/Frameworks/Carbon.framework/Versions/A/Frameworks/HIToolbox.framework/Versions/A/HIToolbox
0x0000000019907000 	/usr/lib/libicucore.A.dylib
0x0000000019907000 	/System/Library/Frameworks/QuartzCore.framework/Versions/A/QuartzCore
0x0000000019907000 	/System/Library/Frameworks/Carbon.framework/Versions/A/Frameworks/SpeechRecognition.framework/Versions/A/SpeechRecognition
0x0000000019907000 	/usr/lib/libauto.dylib
0x0000000019907000 	/usr/lib/libxml2.2.dylib
0x0000000019907000 	/System/Library/PrivateFrameworks/CoreUI.framework/Versions/A/CoreUI
0x0000000019907000 	/System/Library/Frameworks/CoreAudio.framework/Versions/A/CoreAudio
0x0000000019907000 	/System/Library/Frameworks/DiskArbitration.framework/Versions/A/DiskArbitration
0x0000000019907000 	/usr/lib/liblangid.dylib
0x0000000019907000 	/System/Library/PrivateFrameworks/MultitouchSupport.framework/Versions/A/MultitouchSupport
0x0000000019907000 	/System/Library/Frameworks/IOKit.framework/Versions/A/IOKit
0x0000000019907000 	/usr/lib/libDiagnosticMessagesClient.dylib
0x0000000019907000 	/System/Library/Frameworks/CoreServices.framework/Versions/A/CoreServices
0x0000000019907000 	/System/Library/PrivateFrameworks/PerformanceAnalysis.framework/Versions/A/PerformanceAnalysis
0x0000000019907000 	/System/Library/Frameworks/OpenGL.framework/Versions/A/OpenGL
0x0000000019907000 	/System/Library/Frameworks/ColorSync.framework/Versions/A/ColorSync
0x0000000019907000 	/System/Library/Frameworks/CoreImage.framework/Versions/A/CoreImage
0x0000000019907000 	/System/Library/Frameworks/CoreText.framework/Versions/A/CoreText
0x0000000019907000 	/System/Library/Frameworks/ImageIO.framework/Versions/A/ImageIO
0x0000000019907000 	/System/Library/PrivateFrameworks/Backup.framework/Versions/A/Backup
0x0000000019907000 	/usr/lib/libarchive.2.dylib
0x0000000019907000 	/System/Library/Frameworks/CFNetwork.framework/Versions/A/CFNetwork
0x0000000019907000 	/System/Library/Frameworks/SystemConfiguration.framework/Versions/A/SystemConfiguration
0x0000000019907000 	/usr/lib/libCRFSuite.dylib
0x0000000019907000 	/usr/lib/libc++.1.dylib
0x0000000019907000 	/usr/lib/libc++abi.dylib
0x0000000019907000 	/usr/lib/system/libcache.dylib
0x0000000019907000 	/usr/lib/system/libcommonCrypto.dylib
0x0000000019907000 	/usr/lib/system/libcompiler_rt.dylib
0x0000000019907000 	/usr/lib/system/libcopyfile.dylib
0x0000000019907000 	/usr/lib/system/libcorecrypto.dylib
0x0000000019907000 	/usr/lib/system/libdispatch.dylib
0x0000000019907000 	/usr/lib/system/libdyld.dylib
0x0000000019907000 	/usr/lib/system/libkeymgr.dylib
0x0000000019907000 	/usr/lib/system/liblaunch.dylib
0x0000000019907000 	/usr/lib/system/libmacho.dylib
0x0000000019907000 	/usr/lib/system/libquarantine.dylib
0x0000000019907000 	/usr/lib/system/libremovefile.dylib
0x0000000019907000 	/usr/lib/system/libsystem_asl.dylib
0x0000000019907000 	/usr/lib/system/libsystem_blocks.dylib
0x0000000019907000 	/usr/lib/system/libsystem_c.dylib
0x0000000019907000 	/usr/lib/system/libsystem_configuration.dylib
0x0000000019907000 	/usr/lib/system/libsystem_coreservices.dylib
0x0000000019907000 	/usr/lib/system/libsystem_darwin.dylib
0x0000000019907000 	/usr/lib/system/libsystem_dnssd.dylib
0x0000000019907000 	/usr/lib/system/libsystem_info.dylib
0x0000000019907000 	/usr/lib/system/libsystem_m.dylib
0x0000000019907000 	/usr/lib/system/libsystem_malloc.dylib
0x0000000019907000 	/usr/lib/system/libsystem_network.dylib
0x0000000019907000 	/usr/lib/system/libsystem_networkextension.dylib
0x0000000019907000 	/usr/lib/system/libsystem_notify.dylib
0x0000000019907000 	/usr/lib/system/libsystem_sandbox.dylib
0x0000000019907000 	/usr/lib/system/libsystem_secinit.dylib
0x0000000019907000 	/usr/lib/system/libsystem_kernel.dylib
0x0000000019907000 	/usr/lib/system/libsystem_platform.dylib
0x0000000019907000 	/usr/lib/system/libsystem_pthread.dylib
0x0000000019907000 	/usr/lib/system/libsystem_symptoms.dylib
0x0000000019907000 	/usr/lib/system/libsystem_trace.dylib
0x0000000019907000 	/usr/lib/system/libunwind.dylib
0x0000000019907000 	/usr/lib/system/libxpc.dylib
0x0000000019907000 	/usr/lib/closure/libclosured.dylib
0x0000000019907000 	/usr/lib/libbsm.0.dylib
0x0000000019907000 	/usr/lib/system/libkxld.dylib
0x0000000019907000 	/usr/lib/libOpenScriptingUtil.dylib
0x0000000019907000 	/usr/lib/libcoretls.dylib
0x0000000019907000 	/usr/lib/libcoretls_cfhelpers.dylib
0x0000000019907000 	/usr/lib/libpam.2.dylib
0x0000000019907000 	/usr/lib/libsqlite3.dylib
0x0000000019907000 	/usr/lib/libxar.1.dylib
0x0000000019907000 	/usr/lib/libbz2.1.0.dylib
0x0000000019907000 	/usr/lib/liblzma.5.dylib
0x0000000019907000 	/usr/lib/libnetwork.dylib
0x0000000019907000 	/usr/lib/libapple_nghttp2.dylib
0x0000000019907000 	/usr/lib/libpcap.A.dylib
0x0000000019907000 	/usr/lib/libboringssl.dylib
0x0000000019907000 	/usr/lib/libusrtcp.dylib
0x0000000019907000 	/usr/lib/libapple_crypto.dylib
0x0000000019907000 	/System/Library/Frameworks/CoreServices.framework/Versions/A/Frameworks/FSEvents.framework/Versions/A/FSEvents
0x0000000019907000 	/System/Library/Frameworks/CoreServices.framework/Versions/A/Frameworks/CarbonCore.framework/Versions/A/CarbonCore
0x0000000019907000 	/System/Library/Frameworks/CoreServices.framework/Versions/A/Frameworks/Metadata.framework/Versions/A/Metadata
0x0000000019907000 	/System/Library/Frameworks/CoreServices.framework/Versions/A/Frameworks/OSServices.framework/Versions/A/OSServices
0x0000000019907000 	/System/Library/Frameworks/CoreServices.framework/Versions/A/Frameworks/SearchKit.framework/Versions/A/SearchKit
0x0000000019907000 	/System/Library/Frameworks/CoreServices.framework/Versions/A/Frameworks/AE.framework/Versions/A/AE
0x0000000019907000 	/System/Library/Frameworks/CoreServices.framework/Versions/A/Frameworks/LaunchServices.framework/Versions/A/LaunchServices
0x0000000019907000 	/System/Library/Frameworks/CoreServices.framework/Versions/A/Frameworks/DictionaryServices.framework/Versions/A/DictionaryServices
0x0000000019907000 	/System/Library/Frameworks/CoreServices.framework/Versions/A/Frameworks/SharedFileList.framework/Versions/A/SharedFileList
0x0000000019907000 	/System/Library/Frameworks/NetFS.framework/Versions/A/NetFS
0x0000000019907000 	/System/Library/PrivateFrameworks/NetAuth.framework/Versions/A/NetAuth
0x0000000019907000 	/System/Library/PrivateFrameworks/login.framework/Versions/A/Frameworks/loginsupport.framework/Versions/A/loginsupport
0x0000000019907000 	/System/Library/PrivateFrameworks/TCC.framework/Versions/A/TCC
0x0000000019907000 	/usr/lib/libmecabra.dylib
0x0000000019907000 	/System/Library/Frameworks/ApplicationServices.framework/Versions/A/Frameworks/ATS.framework/Versions/A/ATS
0x0000000019907000 	/System/Library/Frameworks/ApplicationServices.framework/Versions/A/Frameworks/ColorSyncLegacy.framework/Versions/A/ColorSyncLegacy
0x0000000019907000 	/System/Library/Frameworks/ApplicationServices.framework/Versions/A/Frameworks/HIServices.framework/Versions/A/HIServices
0x0000000019907000 	/System/Library/Frameworks/ApplicationServices.framework/Versions/A/Frameworks/LangAnalysis.framework/Versions/A/LangAnalysis
0x0000000019907000 	/System/Library/Frameworks/ApplicationServices.framework/Versions/A/Frameworks/PrintCore.framework/Versions/A/PrintCore
0x0000000019907000 	/System/Library/Frameworks/ApplicationServices.framework/Versions/A/Frameworks/QD.framework/Versions/A/QD
0x0000000019907000 	/System/Library/Frameworks/ApplicationServices.framework/Versions/A/Frameworks/SpeechSynthesis.framework/Versions/A/SpeechSynthesis
0x0000000019907000 	/System/Library/Frameworks/CoreDisplay.framework/Versions/A/CoreDisplay
0x0000000019907000 	/System/Library/Frameworks/Accelerate.framework/Versions/A/Frameworks/vImage.framework/Versions/A/vImage
0x0000000019907000 	/System/Library/Frameworks/Accelerate.framework/Versions/A/Frameworks/vecLib.framework/Versions/A/vecLib
0x0000000019907000 	/System/Library/Frameworks/Accelerate.framework/Versions/A/Frameworks/vecLib.framework/Versions/A/libvDSP.dylib
0x0000000019907000 	/System/Library/Frameworks/Accelerate.framework/Versions/A/Frameworks/vecLib.framework/Versions/A/libBNNS.dylib
0x0000000019907000 	/System/Library/Frameworks/Accelerate.framework/Versions/A/Frameworks/vecLib.framework/Versions/A/libQuadrature.dylib
0x0000000019907000 	/System/Library/Frameworks/Accelerate.framework/Versions/A/Frameworks/vecLib.framework/Versions/A/libvMisc.dylib
0x0000000019907000 	/System/Library/Frameworks/Accelerate.framework/Versions/A/Frameworks/vecLib.framework/Versions/A/libLAPACK.dylib
0x0000000019907000 	/System/Library/Frameworks/Accelerate.framework/Versions/A/Frameworks/vecLib.framework/Versions/A/libBLAS.dylib
0x0000000019907000 	/System/Library/Frameworks/Accelerate.framework/Versions/A/Frameworks/vecLib.framework/Versions/A/libLinearAlgebra.dylib
0x0000000019907000 	/System/Library/Frameworks/Accelerate.framework/Versions/A/Frameworks/vecLib.framework/Versions/A/libSparse.dylib
0x0000000019907000 	/System/Library/Frameworks/Accelerate.framework/Versions/A/Frameworks/vecLib.framework/Versions/A/libSparseBLAS.dylib
0x0000000019907000 	/System/Library/PrivateFrameworks/IOAccelerator.framework/Versions/A/IOAccelerator
0x0000000019907000 	/System/Library/PrivateFrameworks/IOPresentment.framework/Versions/A/IOPresentment
0x0000000019907000 	/System/Library/PrivateFrameworks/DSExternalDisplay.framework/Versions/A/DSExternalDisplay
0x0000000019907000 	/System/Library/Frameworks/OpenGL.framework/Versions/A/Libraries/libCoreFSCache.dylib
0x0000000019907000 	/System/Library/Frameworks/CoreVideo.framework/Versions/A/CoreVideo
0x0000000019907000 	/System/Library/PrivateFrameworks/GraphVisualizer.framework/Versions/A/GraphVisualizer
0x0000000019907000 	/System/Library/Frameworks/MetalPerformanceShaders.framework/Versions/A/MetalPerformanceShaders
0x0000000019907000 	/usr/lib/libFosl_dynamic.dylib
0x0000000019907000 	/System/Library/PrivateFrameworks/FaceCore.framework/Versions/A/FaceCore
0x0000000019907000 	/System/Library/Frameworks/OpenCL.framework/Versions/A/OpenCL
0x0000000019907000 	/usr/lib/libcompression.dylib
0x0000000019907000 	/System/Library/Frameworks/ApplicationServices.framework/Versions/A/Frameworks/ATS.framework/Versions/A/Resources/libFontParser.dylib
0x0000000019907000 	/System/Library/Frameworks/ApplicationServices.framework/Versions/A/Frameworks/ATS.framework/Versions/A/Resources/libFontRegistry.dylib
0x0000000019907000 	/System/Library/Frameworks/ImageIO.framework/Versions/A/Resources/libJPEG.dylib
0x0000000019907000 	/System/Library/Frameworks/ImageIO.framework/Versions/A/Resources/libTIFF.dylib
0x0000000019907000 	/System/Library/Frameworks/ImageIO.framework/Versions/A/Resources/libPng.dylib
0x0000000019907000 	/System/Library/Frameworks/ImageIO.framework/Versions/A/Resources/libGIF.dylib
0x0000000019907000 	/System/Library/Frameworks/ImageIO.framework/Versions/A/Resources/libJP2.dylib
0x0000000019907000 	/System/Library/Frameworks/ImageIO.framework/Versions/A/Resources/libRadiance.dylib
0x0000000019907000 	/System/Library/PrivateFrameworks/AppleJPEG.framework/Versions/A/AppleJPEG
0x0000000019907000 	/System/Library/PrivateFrameworks/MetalTools.framework/Versions/A/MetalTools
0x0000000019907000 	/System/Library/Frameworks/MetalPerformanceShaders.framework/Frameworks/MPSCore.framework/Versions/A/MPSCore
0x0000000019907000 	/System/Library/Frameworks/MetalPerformanceShaders.framework/Frameworks/MPSImage.framework/Versions/A/MPSImage
0x0000000019907000 	/System/Library/Frameworks/MetalPerformanceShaders.framework/Frameworks/MPSMatrix.framework/Versions/A/MPSMatrix
0x0000000019907000 	/System/Library/Frameworks/MetalPerformanceShaders.framework/Frameworks/MPSNeuralNetwork.framework/Versions/A/MPSNeuralNetwork
0x0000000019907000 	/System/Library/Frameworks/OpenGL.framework/Versions/A/Libraries/libGLU.dylib
0x0000000019907000 	/System/Library/Frameworks/OpenGL.framework/Versions/A/Libraries/libGFXShared.dylib
0x0000000019907000 	/System/Library/Frameworks/OpenGL.framework/Versions/A/Libraries/libGL.dylib
0x0000000019907000 	/System/Library/Frameworks/OpenGL.framework/Versions/A/Libraries/libGLImage.dylib
0x0000000019907000 	/System/Library/Frameworks/OpenGL.framework/Versions/A/Libraries/libCVMSPluginSupport.dylib
0x0000000019907000 	/System/Library/Frameworks/OpenGL.framework/Versions/A/Libraries/libCoreVMClient.dylib
0x0000000019907000 	/usr/lib/libcups.2.dylib
0x0000000019907000 	/System/Library/Frameworks/Kerberos.framework/Versions/A/Kerberos
0x0000000019907000 	/System/Library/Frameworks/GSS.framework/Versions/A/GSS
0x0000000019907000 	/usr/lib/libresolv.9.dylib
0x0000000019907000 	/usr/lib/libiconv.2.dylib
0x0000000019907000 	/System/Library/PrivateFrameworks/Heimdal.framework/Versions/A/Heimdal
0x0000000019907000 	/usr/lib/libheimdal-asn1.dylib
0x0000000019907000 	/System/Library/Frameworks/OpenDirectory.framework/Versions/A/OpenDirectory
0x0000000019907000 	/System/Library/PrivateFrameworks/CommonAuth.framework/Versions/A/CommonAuth
0x0000000019907000 	/System/Library/Frameworks/OpenDirectory.framework/Versions/A/Frameworks/CFOpenDirectory.framework/Versions/A/CFOpenDirectory
0x0000000019907000 	/System/Library/Frameworks/SecurityFoundation.framework/Versions/A/SecurityFoundation
0x0000000019907000 	/System/Library/PrivateFrameworks/APFS.framework/Versions/A/APFS
0x0000000019907000 	/usr/lib/libutil.dylib
0x0000000019907000 	/System/Library/PrivateFrameworks/AppleSauce.framework/Versions/A/AppleSauce
0x0000000019907000 	/System/Library/PrivateFrameworks/LinguisticData.framework/Versions/A/LinguisticData
0x0000000019907000 	/usr/lib/libmarisa.dylib
0x0000000019907000 	/System/Library/PrivateFrameworks/Lexicon.framework/Versions/A/Lexicon
0x0000000019907000 	/usr/lib/libChineseTokenizer.dylib
0x0000000019907000 	/usr/lib/libcmph.dylib
0x0000000019907000 	/System/Library/PrivateFrameworks/LanguageModeling.framework/Versions/A/LanguageModeling
0x0000000019907000 	/System/Library/PrivateFrameworks/CoreEmoji.framework/Versions/A/CoreEmoji
0x0000000019907000 	/System/Library/Frameworks/ServiceManagement.framework/Versions/A/ServiceManagement
0x0000000019907000 	/System/Library/PrivateFrameworks/BackgroundTaskManagement.framework/Versions/A/BackgroundTaskManagement
0x0000000019907000 	/usr/lib/libxslt.1.dylib
0x0000000019907000 	/System/Library/Frameworks/Carbon.framework/Versions/A/Frameworks/Ink.framework/Versions/A/Ink
0x0000000019907000 	/System/Library/PrivateFrameworks/TextureIO.framework/Versions/A/TextureIO
0x0000000019907000 	/usr/lib/libate.dylib
0x0000000019907000 	/System/Library/PrivateFrameworks/CrashReporterSupport.framework/Versions/A/CrashReporterSupport
0x0000000019907000 	/System/Library/PrivateFrameworks/Sharing.framework/Versions/A/Sharing
0x0000000019907000 	/System/Library/PrivateFrameworks/IconServices.framework/Versions/A/IconServices
0x0000000019907000 	/System/Library/PrivateFrameworks/ProtocolBuffer.framework/Versions/A/ProtocolBuffer
0x0000000019907000 	/System/Library/PrivateFrameworks/Apple80211.framework/Versions/A/Apple80211
0x0000000019907000 	/System/Library/Frameworks/CoreWLAN.framework/Versions/A/CoreWLAN
0x0000000019907000 	/System/Library/PrivateFrameworks/CoreUtils.framework/Versions/A/CoreUtils
0x0000000019907000 	/System/Library/Frameworks/IOBluetooth.framework/Versions/A/IOBluetooth
0x0000000019907000 	/System/Library/PrivateFrameworks/CoreWiFi.framework/Versions/A/CoreWiFi
0x0000000019907000 	/System/Library/Frameworks/CoreBluetooth.framework/Versions/A/CoreBluetooth
0x0000000019907000 	/System/Library/PrivateFrameworks/SignpostNotification.framework/Versions/A/SignpostNotification
0x0000000019907000 	/System/Library/PrivateFrameworks/DebugSymbols.framework/Versions/A/DebugSymbols
0x0000000019907000 	/System/Library/PrivateFrameworks/CoreSymbolication.framework/Versions/A/CoreSymbolication
0x0000000019907000 	/System/Library/PrivateFrameworks/Symbolication.framework/Versions/A/Symbolication
0x0000000019907000 	/System/Library/PrivateFrameworks/AppleFSCompression.framework/Versions/A/AppleFSCompression
0x0000000019907000 	/System/Library/PrivateFrameworks/SpeechRecognitionCore.framework/Versions/A/SpeechRecognitionCore
0x0000000109e00000 	/Library/Java/JavaVirtualMachines/jdk1.8.0_45.jdk/Contents/Home/jre/lib/server/libjvm.dylib
0x0000000019907000 	/usr/lib/libstdc++.6.0.9.dylib
0x00000001081f8000 	/Library/Java/JavaVirtualMachines/jdk1.8.0_45.jdk/Contents/Home/jre/lib/libverify.dylib
0x0000000108206000 	/Library/Java/JavaVirtualMachines/jdk1.8.0_45.jdk/Contents/Home/jre/lib/libjava.dylib
0x000000010823c000 	/Library/Java/JavaVirtualMachines/jdk1.8.0_45.jdk/Contents/Home/jre/lib/libjdwp.dylib
0x0000000108287000 	/Library/Java/JavaVirtualMachines/jdk1.8.0_45.jdk/Contents/Home/jre/lib/libnpt.dylib
0x00000001082d4000 	/Library/Java/JavaVirtualMachines/jdk1.8.0_45.jdk/Contents/Home/jre/lib/libzip.dylib
0x0000000019907000 	/System/Library/Frameworks/JavaVM.framework/Versions/A/Frameworks/JavaRuntimeSupport.framework/Versions/A/JavaRuntimeSupport
0x0000000019907000 	/System/Library/Frameworks/JavaVM.framework/Versions/A/Frameworks/JavaNativeFoundation.framework/Versions/A/JavaNativeFoundation
0x0000000019907000 	/System/Library/Frameworks/JavaVM.framework/Versions/A/JavaVM
0x0000000019907000 	/System/Library/Frameworks/Carbon.framework/Versions/A/Carbon
0x0000000019907000 	/System/Library/PrivateFrameworks/JavaLaunching.framework/Versions/A/JavaLaunching
0x0000000019907000 	/System/Library/Frameworks/Carbon.framework/Versions/A/Frameworks/CommonPanels.framework/Versions/A/CommonPanels
0x0000000019907000 	/System/Library/Frameworks/Carbon.framework/Versions/A/Frameworks/Help.framework/Versions/A/Help
0x0000000019907000 	/System/Library/Frameworks/Carbon.framework/Versions/A/Frameworks/ImageCapture.framework/Versions/A/ImageCapture
0x0000000019907000 	/System/Library/Frameworks/Carbon.framework/Versions/A/Frameworks/OpenScripting.framework/Versions/A/OpenScripting
0x0000000019907000 	/System/Library/Frameworks/Carbon.framework/Versions/A/Frameworks/Print.framework/Versions/A/Print
0x0000000019907000 	/System/Library/Frameworks/Carbon.framework/Versions/A/Frameworks/SecurityHI.framework/Versions/A/SecurityHI
0x0000000108b64000 	/Library/Java/JavaVirtualMachines/jdk1.8.0_45.jdk/Contents/Home/jre/lib/libdt_socket.dylib

VM Arguments:
jvm_args: -agentlib:jdwp=transport=dt_socket,address=127.0.0.1:62286,suspend=y,server=n -ea -Didea.test.cyclic.buffer.size=1048576 -Dfile.encoding=UTF-8 
java_command: com.intellij.rt.execution.junit.JUnitStarter -ideVersion5 -junit5 com.unaryops.StringPermutationTest,whenStringHaveRepeatedCharacters
java_class_path (initial): /Applications/IntelliJ IDEA.app/Contents/lib/idea_rt.jar:/Applications/IntelliJ IDEA.app/Contents/plugins/junit/lib/junit-rt.jar:/Applications/IntelliJ IDEA.app/Contents/plugins/junit/lib/junit5-rt.jar:/Library/Java/JavaVirtualMachines/jdk1.8.0_45.jdk/Contents/Home/jre/lib/charsets.jar:/Library/Java/JavaVirtualMachines/jdk1.8.0_45.jdk/Contents/Home/jre/lib/deploy.jar:/Library/Java/JavaVirtualMachines/jdk1.8.0_45.jdk/Contents/Home/jre/lib/ext/cldrdata.jar:/Library/Java/JavaVirtualMachines/jdk1.8.0_45.jdk/Contents/Home/jre/lib/ext/dnsns.jar:/Library/Java/JavaVirtualMachines/jdk1.8.0_45.jdk/Contents/Home/jre/lib/ext/jfxrt.jar:/Library/Java/JavaVirtualMachines/jdk1.8.0_45.jdk/Contents/Home/jre/lib/ext/localedata.jar:/Library/Java/JavaVirtualMachines/jdk1.8.0_45.jdk/Contents/Home/jre/lib/ext/nashorn.jar:/Library/Java/JavaVirtualMachines/jdk1.8.0_45.jdk/Contents/Home/jre/lib/ext/sunec.jar:/Library/Java/JavaVirtualMachines/jdk1.8.0_45.jdk/Contents/Home/jre/lib/ext/sunjce_provider.jar:/Library/Java/JavaVirtualMachines/jdk1.8.0_45.jdk/Contents/Home/jre/lib/ext/sunpkcs11.jar:/Library/Java/JavaVirtualMachines/jdk1.8.0_45.jdk/Contents/Home/jre/lib/ext/zipfs.jar:/Library/Java/JavaVirtualMachines/jdk1.8.0_45.jdk/Contents/Home/jre/lib/javaws.jar:/Library/Java/JavaVirtualMachines/jdk1.8.0_45.jdk/Contents/Home/jre/lib/jce.jar:/Library/Java/JavaVirtualMachines/jdk1.8.0_45.jdk/Contents/Home/jre/lib/jfr.jar:/Library/Java/JavaVirtualMachines/jdk1.8.0_45.jdk/Contents/Home/jre/lib/jfxswt.jar:/Library/Java/JavaVirtualMachines/jdk1.8.0_45.jdk/Contents/Home/jre/lib/jsse.jar:/Library/Java/JavaVirtualMachines/jdk1.8.0_45.jdk/Contents/Home/jre/lib/management-agent.jar:/Library/Java/JavaVirtualMachines/jdk1.8.0_45.jdk/Contents/Home/jre/lib/plugin.jar:/Library/Java/JavaVirtualMachines/jdk1.8.0_45.jdk/Contents/Home/jre/lib/resources.jar:/Library/Java/JavaVirtualMachines/jdk1.8.0_45.jdk/Contents/Home/jre/lib/rt.jar:/Library/Java/JavaVirtualMachines/jdk1.8.0_45.jdk/Conte
Launcher Type: SUN_STANDARD

Environment Variables:
PATH=/Users/srki/.rbenv/shims:/Users/srki/.rbenv/bin:/opt/local/bin:/opt/local/sbin:/usr/local/bin:/usr/local/bin:/usr/bin:/bin:/usr/sbin:/sbin:/Library/TeX/texbin:/opt/X11/bin:/Library/Frameworks/Mono.framework/Versions/Current/Commands:/usr/local/texlive/2015basic/bin/x86_64-darwin
SHELL=/bin/zsh
DISPLAY=/private/tmp/com.apple.launchd.RFyRiKSnbL/org.macosforge.xquartz:0

Signal Handlers:
SIGSEGV: [libjvm.dylib+0x58ef95], sa_mask[0]=11111111011111110111111111111111, sa_flags=SA_ONSTACK|SA_RESTART|SA_SIGINFO
SIGBUS: [libjvm.dylib+0x58ef95], sa_mask[0]=11111111011111110111111111111111, sa_flags=SA_RESTART|SA_SIGINFO
SIGFPE: [libjvm.dylib+0x46c108], sa_mask[0]=11111111011111110111111111111111, sa_flags=SA_RESTART|SA_SIGINFO
SIGPIPE: [libjvm.dylib+0x46c108], sa_mask[0]=11111111011111110111111111111111, sa_flags=SA_RESTART|SA_SIGINFO
SIGXFSZ: [libjvm.dylib+0x46c108], sa_mask[0]=11111111011111110111111111111111, sa_flags=SA_RESTART|SA_SIGINFO
SIGILL: [libjvm.dylib+0x46c108], sa_mask[0]=11111111011111110111111111111111, sa_flags=SA_RESTART|SA_SIGINFO
SIGUSR1: SIG_DFL, sa_mask[0]=00000000000000000000000000000000, sa_flags=none
SIGUSR2: [libjvm.dylib+0x46bc26], sa_mask[0]=00100000000000000000000000000000, sa_flags=SA_RESTART|SA_SIGINFO
SIGHUP: [libjvm.dylib+0x46a1f9], sa_mask[0]=11111111011111110111111111111111, sa_flags=SA_RESTART|SA_SIGINFO
SIGINT: [libjvm.dylib+0x46a1f9], sa_mask[0]=11111111011111110111111111111111, sa_flags=SA_RESTART|SA_SIGINFO
SIGTERM: [libjvm.dylib+0x46a1f9], sa_mask[0]=11111111011111110111111111111111, sa_flags=SA_RESTART|SA_SIGINFO
SIGQUIT: [libjvm.dylib+0x46a1f9], sa_mask[0]=11111111011111110111111111111111, sa_flags=SA_RESTART|SA_SIGINFO


---------------  S Y S T E M  ---------------

OS:Bsduname:Darwin 17.0.0 Darwin Kernel Version 17.0.0: Thu Aug 24 21:48:19 PDT 2017; root:xnu-4570.1.46~2/RELEASE_X86_64 x86_64
rlimit: STACK 8192k, CORE 0k, NPROC 1418, NOFILE 10240, AS infinity
load average:2.26 2.89 2.75

CPU:total 8 (4 cores per cpu, 2 threads per core) family 6 model 70 stepping 1, cmov, cx8, fxsr, mmx, sse, sse2, sse3, ssse3, sse4.1, sse4.2, popcnt, avx, avx2, aes, clmul, erms, rtm, lzcnt, ht, tsc, tscinvbit, bmi1, bmi2

Memory: 4k page, physical 16777216k(610884k free)

/proc/meminfo:


vm_info: Java HotSpot(TM) 64-Bit Server VM (25.45-b02) for bsd-amd64 JRE (1.8.0_45-b14), built on Apr 10 2015 10:46:38 by "java_re" with gcc 4.2.1 (Based on Apple Inc. build 5658) (LLVM build 2336.11.00)

time: Sun Oct  8 23:46:17 2017
elapsed time: 359 seconds (0d 0h 5m 59s)

